#
# There is insufficient memory for the Java Runtime Environment to continue.
# Native memory allocation (malloc) failed to allocate 32744 bytes. Error detail: Chunk::new
# Possible reasons:
#   The system is out of physical RAM or swap space
#   This process is running with CompressedOops enabled, and the Java Heap may be blocking the growth of the native heap
# Possible solutions:
#   Reduce memory load on the system
#   Increase physical memory or swap space
#   Check if swap backing store is full
#   Decrease Java heap size (-Xmx/-Xms)
#   Decrease number of Java threads
#   Decrease Java thread stack sizes (-Xss)
#   Set larger code cache with -XX:ReservedCodeCacheSize=
#   JVM is running with Unscaled Compressed Oops mode in which the Java heap is
#     placed in the first 4GB address space. The Java Heap base address is the
#     maximum limit for the native heap growth. Please use -XX:HeapBaseMinAddress
#     to set the Java Heap base and to place the Java Heap above 4GB virtual address.
# This output file may be truncated or incomplete.
#
#  Out of Memory Error (arena.cpp:168), pid=3716, tid=3896
#
# JRE version: OpenJDK Runtime Environment (21.0.5) (build 21.0.5+-13047016-b750.29)
# Java VM: OpenJDK 64-Bit Server VM (21.0.5+-13047016-b750.29, mixed mode, tiered, compressed oops, compressed class ptrs, g1 gc, windows-amd64)
# No core dump will be written. Minidumps are not enabled by default on client versions of Windows
#

---------------  S U M M A R Y ------------

Command Line: git4idea.http.GitAskPassApp Username for 'https://github.com': 

Host: Intel(R) Core(TM) i5-6300U CPU @ 2.40GHz, 4 cores, 7G,  Windows 10 , 64 bit Build 18362 (10.0.18362.86)
Time: Sat Mar  8 01:02:08 2025 Pakistan Standard Time elapsed time: 0.908878 seconds (0d 0h 0m 0s)

---------------  T H R E A D  ---------------

Current thread (0x000002197e852c80):  JavaThread "HttpClient-1-Worker-0" daemon [_thread_in_vm, id=3896, stack(0x000000d103300000,0x000000d103400000) (1024K)]

Stack: [0x000000d103300000,0x000000d103400000]
Native frames: (J=compiled Java code, j=interpreted, Vv=VM code, C=native code)
V  [jvm.dll+0x6cfb29]
V  [jvm.dll+0x85df93]
V  [jvm.dll+0x8604ee]
V  [jvm.dll+0x860bd3]
V  [jvm.dll+0x27e6b6]
V  [jvm.dll+0xbff6d]
V  [jvm.dll+0xc04a3]
V  [jvm.dll+0x21d962]
V  [jvm.dll+0x21c802]
V  [jvm.dll+0x7d555c]
V  [jvm.dll+0x7d6602]
V  [jvm.dll+0x7d6bc4]
V  [jvm.dll+0x7d6858]
V  [jvm.dll+0x26d41b]
V  [jvm.dll+0x3d4f2e]
C  0x000002190754a816

The last pc belongs to new (printed below).
Java frames: (J=compiled Java code, j=interpreted, Vv=VM code)
j  com.sun.crypto.provider.GaloisCounterMode.checkInit()V+32 java.base@21.0.5
j  com.sun.crypto.provider.GaloisCounterMode.engineGetOutputSize(I)I+1 java.base@21.0.5
j  javax.crypto.Cipher.getOutputSize(I)I+49 java.base@21.0.5
j  sun.security.ssl.SSLCipher$T13GcmWriteCipherGenerator$GcmWriteCipher.encrypt(BLjava/nio/ByteBuffer;)I+121 java.base@21.0.5
j  sun.security.ssl.OutputRecord.t13Encrypt(Lsun/security/ssl/SSLCipher$SSLWriteCipher;BLjava/nio/ByteBuffer;IIILsun/security/ssl/ProtocolVersion;)J+112 java.base@21.0.5
j  sun.security.ssl.OutputRecord.encrypt(Lsun/security/ssl/SSLCipher$SSLWriteCipher;BLjava/nio/ByteBuffer;IIILsun/security/ssl/ProtocolVersion;)J+66 java.base@21.0.5
j  sun.security.ssl.SSLEngineOutputRecord$HandshakeFragment.acquireCiphertext(Ljava/nio/ByteBuffer;)Lsun/security/ssl/Ciphertext;+509 java.base@21.0.5
j  sun.security.ssl.SSLEngineOutputRecord.acquireCiphertext(Ljava/nio/ByteBuffer;)Lsun/security/ssl/Ciphertext;+212 java.base@21.0.5
j  sun.security.ssl.SSLEngineOutputRecord.encode([Ljava/nio/ByteBuffer;IILjava/nio/ByteBuffer;)Lsun/security/ssl/Ciphertext;+49 java.base@21.0.5
j  sun.security.ssl.SSLEngineOutputRecord.encode([Ljava/nio/ByteBuffer;II[Ljava/nio/ByteBuffer;II)Lsun/security/ssl/Ciphertext;+72 java.base@21.0.5
j  sun.security.ssl.SSLEngineImpl.encode([Ljava/nio/ByteBuffer;II[Ljava/nio/ByteBuffer;II)Lsun/security/ssl/Ciphertext;+16 java.base@21.0.5
j  sun.security.ssl.SSLEngineImpl.writeRecord([Ljava/nio/ByteBuffer;II[Ljava/nio/ByteBuffer;II)Ljavax/net/ssl/SSLEngineResult;+392 java.base@21.0.5
j  sun.security.ssl.SSLEngineImpl.wrap([Ljava/nio/ByteBuffer;II[Ljava/nio/ByteBuffer;II)Ljavax/net/ssl/SSLEngineResult;+53 java.base@21.0.5
j  sun.security.ssl.SSLEngineImpl.wrap([Ljava/nio/ByteBuffer;IILjava/nio/ByteBuffer;)Ljavax/net/ssl/SSLEngineResult;+15 java.base@21.0.5
j  javax.net.ssl.SSLEngine.wrap([Ljava/nio/ByteBuffer;Ljava/nio/ByteBuffer;)Ljavax/net/ssl/SSLEngineResult;+20 java.base@21.0.5
j  jdk.internal.net.http.common.SSLFlowDelegate$Writer.wrapBuffers([Ljava/nio/ByteBuffer;)Ljdk/internal/net/http/common/SSLFlowDelegate$EngineResult;+131 java.net.http@21.0.5
j  jdk.internal.net.http.common.SSLFlowDelegate$Writer.processData()V+101 java.net.http@21.0.5
j  jdk.internal.net.http.common.SSLFlowDelegate$Writer$WriterDownstreamPusher.run()V+4 java.net.http@21.0.5
j  jdk.internal.net.http.common.SequentialScheduler$CompleteRestartableTask.run(Ljdk/internal/net/http/common/SequentialScheduler$DeferredCompleter;)V+1 java.net.http@21.0.5
j  jdk.internal.net.http.common.SequentialScheduler$SchedulableTask.run()V+14 java.net.http@21.0.5
j  jdk.internal.net.http.common.SequentialScheduler.runOrSchedule(Ljdk/internal/net/http/common/SequentialScheduler$SchedulableTask;Ljava/util/concurrent/Executor;)V+86 java.net.http@21.0.5
j  jdk.internal.net.http.common.SequentialScheduler.runOrSchedule()V+6 java.net.http@21.0.5
j  jdk.internal.net.http.common.SSLFlowDelegate$Writer.incoming(Ljava/util/List;Z)V+155 java.net.http@21.0.5
j  jdk.internal.net.http.common.SubscriberWrapper.incomingCaller(Ljava/util/List;Z)V+3 java.net.http@21.0.5
j  jdk.internal.net.http.common.SubscriberWrapper.addData(Ljava/nio/ByteBuffer;)V+24 java.net.http@21.0.5
j  jdk.internal.net.http.common.SSLFlowDelegate$Writer.onSubscribe()V+27 java.net.http@21.0.5
j  jdk.internal.net.http.common.SubscriberWrapper.onSubscribe(Ljava/util/concurrent/Flow$Subscription;)V+78 java.net.http@21.0.5
j  jdk.internal.net.http.common.SSLTube$SSLTubeFlowDelegate.connect(Ljava/util/concurrent/Flow$Subscriber;Ljava/util/concurrent/Flow$Subscriber;)V+95 java.net.http@21.0.5
j  jdk.internal.net.http.common.SSLFlowDelegate.<init>(Ljavax/net/ssl/SSLEngine;Ljava/util/concurrent/Executor;Ljava/util/function/Consumer;Ljava/util/concurrent/Flow$Subscriber;Ljava/util/concurrent/Flow$Subscriber;)V+243 java.net.http@21.0.5
j  jdk.internal.net.http.common.SSLTube$SSLTubeFlowDelegate.<init>(Ljdk/internal/net/http/common/SSLTube;Ljavax/net/ssl/SSLEngine;Ljava/util/concurrent/Executor;Ljava/util/function/Consumer;Ljdk/internal/net/http/common/SSLTube$SSLSubscriberWrapper;Ljdk/internal/net/http/common/FlowTube;)V+14 java.net.http@21.0.5
j  jdk.internal.net.http.common.SSLTube.<init>(Ljavax/net/ssl/SSLEngine;Ljava/util/concurrent/Executor;Ljava/util/function/Consumer;Ljdk/internal/net/http/common/FlowTube;)V+97 java.net.http@21.0.5
j  jdk.internal.net.http.AsyncSSLConnection.lambda$connectAsync$0(Ljava/lang/Void;)Ljava/lang/Void;+40 java.net.http@21.0.5
j  jdk.internal.net.http.AsyncSSLConnection$$Lambda+0x000000010016a248.apply(Ljava/lang/Object;)Ljava/lang/Object;+8 java.net.http@21.0.5
j  java.util.concurrent.CompletableFuture$UniApply.tryFire(I)Ljava/util/concurrent/CompletableFuture;+106 java.base@21.0.5
j  java.util.concurrent.CompletableFuture.postComplete()V+76 java.base@21.0.5
j  java.util.concurrent.CompletableFuture$AsyncSupply.run()V+57 java.base@21.0.5
j  java.util.concurrent.ThreadPoolExecutor.runWorker(Ljava/util/concurrent/ThreadPoolExecutor$Worker;)V+92 java.base@21.0.5
j  java.util.concurrent.ThreadPoolExecutor$Worker.run()V+5 java.base@21.0.5
j  java.lang.Thread.runWith(Ljava/lang/Object;Ljava/lang/Runnable;)V+5 java.base@21.0.5
j  java.lang.Thread.run()V+19 java.base@21.0.5
v  ~StubRoutines::call_stub 0x000002190753100d
new  187 new  [0x000002190754a6a0, 0x000002190754a8a0]  512 bytes
[MachCode]
  0x000002190754a6a0: 4883 ec08 | c5fa 1104 | 24eb 1f48 | 83ec 10c5 | fb11 0424 | eb14 4883 | ec10 4889 | 0424 48c7 
  0x000002190754a6c0: 4424 0800 | 0000 00eb | 0150 410f | b755 010f | cac1 ea10 | 488b 4de8 | 488b 4908 | 488b 4908 
  0x000002190754a6e0: 488b 4108 | 807c 1004 | 070f 85ca | 0000 0066 | 8b54 d148 | 488b 4928 | 488b 4cd1 | 0851 80b9 
  0x000002190754a700: 4101 0000 | 040f 85ad | 0000 008b | 5108 f6c2 | 010f 85a1 | 0000 0049 | 8b87 b801 | 0000 488d 
  0x000002190754a720: 1c10 493b | 9fc8 0100 | 000f 8789 | 0000 0049 | 899f b801 | 0000 4883 | ea10 0f84 | 0f00 0000 
  0x000002190754a740: 33c9 c1ea | 0348 894c | d008 48ff | ca75 f648 | c700 0100 | 0000 5933 | f689 700c | 48c1 e903 
  0x000002190754a760: 8948 0849 | ba41 4753 | 46fe 7f00 | 0041 803a | 000f 843c | 0000 0050 | 488b c848 | 83ec 2040 
  0x000002190754a780: f6c4 0f0f | 8419 0000 | 0048 83ec | 0848 b810 | 6c0d 46fe | 7f00 00ff | d048 83c4 | 08e9 0c00 
  0x000002190754a7a0: 0000 48b8 | 106c 0d46 | fe7f 0000 | ffd0 4883 | c420 58e9 | cb00 0000 | 5948 8b55 | e848 8b52 
  0x000002190754a7c0: 0848 8b52 | 0845 0fb7 | 4501 410f | c841 c1e8 | 10e8 0500 | 0000 e9a8 | 0000 0048 | 8d44 2408 
  0x000002190754a7e0: 4c89 6dc0 | 498b cfc5 | f877 4989 | afa8 0300 | 0049 8987 | 9803 0000 | 4883 ec20 | 40f6 c40f 
  0x000002190754a800: 0f84 1900 | 0000 4883 | ec08 48b8 | e04e d745 | fe7f 0000 | ffd0 4883 | c408 e90c | 0000 0048 
  0x000002190754a820: b8e0 4ed7 | 45fe 7f00 | 00ff d048 | 83c4 2049 | c787 9803 | 0000 0000 | 0000 49c7 | 87a8 0300 
  0x000002190754a840: 0000 0000 | 0049 c787 | a003 0000 | 0000 0000 | c5f8 7749 | 837f 0800 | 0f84 0500 | 0000 e99d 
  0x000002190754a860: 66fe ff49 | 8b87 f003 | 0000 49c7 | 87f0 0300 | 0000 0000 | 004c 8b6d | c04c 8b75 | c84e 8d74 
  0x000002190754a880: f500 c341 | 0fb6 5d03 | 4983 c503 | 49ba 3011 | 5646 fe7f | 0000 41ff | 24da 660f | 1f44 0000 
[/MachCode]

---------------  P R O C E S S  ---------------

Threads class SMR info:
_java_thread_list=0x000002197e807330, length=15, elements={
0x000002196ff2e580, 0x0000021979e0e5f0, 0x000002197e140fd0, 0x000002197e141e00,
0x000002197e151bd0, 0x000002197e167850, 0x000002197e152f60, 0x000002197e158ed0,
0x000002197e159960, 0x000002197e2fe8b0, 0x000002197e305500, 0x000002197e7ef240,
0x000002197e852c80, 0x000002197e862c70, 0x000002197e91fd80
}

Java Threads: ( => current thread )
  0x000002196ff2e580 JavaThread "main"                              [_thread_blocked, id=10920, stack(0x000000d101f00000,0x000000d102000000) (1024K)]
  0x0000021979e0e5f0 JavaThread "Reference Handler"          daemon [_thread_blocked, id=1004, stack(0x000000d102700000,0x000000d102800000) (1024K)]
  0x000002197e140fd0 JavaThread "Finalizer"                  daemon [_thread_blocked, id=11032, stack(0x000000d102800000,0x000000d102900000) (1024K)]
  0x000002197e141e00 JavaThread "Signal Dispatcher"          daemon [_thread_blocked, id=4092, stack(0x000000d102900000,0x000000d102a00000) (1024K)]
  0x000002197e151bd0 JavaThread "Attach Listener"            daemon [_thread_blocked, id=4892, stack(0x000000d102a00000,0x000000d102b00000) (1024K)]
  0x000002197e167850 JavaThread "Service Thread"             daemon [_thread_blocked, id=9188, stack(0x000000d102b00000,0x000000d102c00000) (1024K)]
  0x000002197e152f60 JavaThread "Monitor Deflation Thread"   daemon [_thread_blocked, id=6648, stack(0x000000d102c00000,0x000000d102d00000) (1024K)]
  0x000002197e158ed0 JavaThread "C2 CompilerThread0"         daemon [_thread_in_native, id=7920, stack(0x000000d102d00000,0x000000d102e00000) (1024K)]
  0x000002197e159960 JavaThread "C1 CompilerThread0"         daemon [_thread_in_native, id=9384, stack(0x000000d102e00000,0x000000d102f00000) (1024K)]
  0x000002197e2fe8b0 JavaThread "Notification Thread"        daemon [_thread_blocked, id=10936, stack(0x000000d102f00000,0x000000d103000000) (1024K)]
  0x000002197e305500 JavaThread "Common-Cleaner"             daemon [_thread_blocked, id=6560, stack(0x000000d103000000,0x000000d103100000) (1024K)]
  0x000002197e7ef240 JavaThread "HttpClient-1-SelectorManager" daemon [_thread_in_native, id=10916, stack(0x000000d103100000,0x000000d103200000) (1024K)]
=>0x000002197e852c80 JavaThread "HttpClient-1-Worker-0"      daemon [_thread_in_vm, id=3896, stack(0x000000d103300000,0x000000d103400000) (1024K)]
  0x000002197e862c70 JavaThread "HttpClient-1-Worker-1"      daemon [_thread_blocked, id=5560, stack(0x000000d103400000,0x000000d103500000) (1024K)]
  0x000002197e91fd80 JavaThread "C2 CompilerThread1"         daemon [_thread_blocked, id=1628, stack(0x000000d103500000,0x000000d103600000) (1024K)]
Total: 15

Other Threads:
  0x0000021979dfa190 VMThread "VM Thread"                           [id=1216, stack(0x000000d102600000,0x000000d102700000) (1024K)]
  0x0000021979d631d0 WatcherThread "VM Periodic Task Thread"        [id=4488, stack(0x000000d102500000,0x000000d102600000) (1024K)]
  0x00000219720971e0 WorkerThread "GC Thread#0"                     [id=256, stack(0x000000d102000000,0x000000d102100000) (1024K)]
  0x00000219720a85c0 ConcurrentGCThread "G1 Main Marker"            [id=9316, stack(0x000000d102100000,0x000000d102200000) (1024K)]
  0x00000219720a9860 WorkerThread "G1 Conc#0"                       [id=10984, stack(0x000000d102200000,0x000000d102300000) (1024K)]
  0x0000021979c340d0 ConcurrentGCThread "G1 Refine#0"               [id=9540, stack(0x000000d102300000,0x000000d102400000) (1024K)]
  0x0000021979c34a50 ConcurrentGCThread "G1 Service"                [id=4056, stack(0x000000d102400000,0x000000d102500000) (1024K)]
Total: 7

Threads with active compile tasks:
C2 CompilerThread0  962 1052       4       sun.security.ec.ECOperations::setDouble (463 bytes)
C1 CompilerThread0  962 1097       3       sun.security.provider.ByteArrayAccess::b2iBig64 (231 bytes)
Total: 2

VM state: not at safepoint (normal execution)

VM Mutex/Monitor currently owned by a thread: None

Heap address: 0x0000000082c00000, size: 2004 MB, Compressed Oops mode: 32-bit

CDS archive(s) not mapped
Compressed class space mapped at: 0x0000000100000000-0x0000000140000000, reserved size: 1073741824
Narrow klass base: 0x0000000000000000, Narrow klass shift: 3, Narrow klass range: 0x140000000

GC Precious Log:
 CardTable entry size: 512
 Card Set container configuration: InlinePtr #cards 5 size 8 Array Of Cards #cards 12 size 40 Howl #buckets 4 coarsen threshold 1843 Howl Bitmap #cards 512 size 80 coarsen threshold 460 Card regions per heap region 1 cards per card region 2048
 CPUs: 4 total, 4 available
 Memory: 8010M
 Large Page Support: Disabled
 NUMA Support: Disabled
 Compressed Oops: Enabled (32-bit)
 Heap Region Size: 1M
 Heap Min Capacity: 8M
 Heap Initial Capacity: 126M
 Heap Max Capacity: 2004M
 Pre-touch: Disabled
 Parallel Workers: 4
 Concurrent Workers: 1
 Concurrent Refinement Workers: 4
 Periodic GC: Disabled

Heap:
 garbage-first heap   total 129024K, used 12288K [0x0000000082c00000, 0x0000000100000000)
  region size 1024K, 13 young (13312K), 0 survivors (0K)
 Metaspace       used 16516K, committed 16768K, reserved 1114112K
  class space    used 1743K, committed 1856K, reserved 1048576K

Heap Regions: E=young(eden), S=young(survivor), O=old, HS=humongous(starts), HC=humongous(continues), CS=collection set, F=free, TAMS=top-at-mark-start, PB=parsable bottom
|   0|0x0000000082c00000, 0x0000000082c00000, 0x0000000082d00000|  0%| F|  |TAMS 0x0000000082c00000| PB 0x0000000082c00000| Untracked 
|   1|0x0000000082d00000, 0x0000000082d00000, 0x0000000082e00000|  0%| F|  |TAMS 0x0000000082d00000| PB 0x0000000082d00000| Untracked 
|   2|0x0000000082e00000, 0x0000000082e00000, 0x0000000082f00000|  0%| F|  |TAMS 0x0000000082e00000| PB 0x0000000082e00000| Untracked 
|   3|0x0000000082f00000, 0x0000000082f00000, 0x0000000083000000|  0%| F|  |TAMS 0x0000000082f00000| PB 0x0000000082f00000| Untracked 
|   4|0x0000000083000000, 0x0000000083000000, 0x0000000083100000|  0%| F|  |TAMS 0x0000000083000000| PB 0x0000000083000000| Untracked 
|   5|0x0000000083100000, 0x0000000083100000, 0x0000000083200000|  0%| F|  |TAMS 0x0000000083100000| PB 0x0000000083100000| Untracked 
|   6|0x0000000083200000, 0x0000000083200000, 0x0000000083300000|  0%| F|  |TAMS 0x0000000083200000| PB 0x0000000083200000| Untracked 
|   7|0x0000000083300000, 0x0000000083300000, 0x0000000083400000|  0%| F|  |TAMS 0x0000000083300000| PB 0x0000000083300000| Untracked 
|   8|0x0000000083400000, 0x0000000083400000, 0x0000000083500000|  0%| F|  |TAMS 0x0000000083400000| PB 0x0000000083400000| Untracked 
|   9|0x0000000083500000, 0x0000000083500000, 0x0000000083600000|  0%| F|  |TAMS 0x0000000083500000| PB 0x0000000083500000| Untracked 
|  10|0x0000000083600000, 0x0000000083600000, 0x0000000083700000|  0%| F|  |TAMS 0x0000000083600000| PB 0x0000000083600000| Untracked 
|  11|0x0000000083700000, 0x0000000083700000, 0x0000000083800000|  0%| F|  |TAMS 0x0000000083700000| PB 0x0000000083700000| Untracked 
|  12|0x0000000083800000, 0x0000000083800000, 0x0000000083900000|  0%| F|  |TAMS 0x0000000083800000| PB 0x0000000083800000| Untracked 
|  13|0x0000000083900000, 0x0000000083900000, 0x0000000083a00000|  0%| F|  |TAMS 0x0000000083900000| PB 0x0000000083900000| Untracked 
|  14|0x0000000083a00000, 0x0000000083a00000, 0x0000000083b00000|  0%| F|  |TAMS 0x0000000083a00000| PB 0x0000000083a00000| Untracked 
|  15|0x0000000083b00000, 0x0000000083b00000, 0x0000000083c00000|  0%| F|  |TAMS 0x0000000083b00000| PB 0x0000000083b00000| Untracked 
|  16|0x0000000083c00000, 0x0000000083c00000, 0x0000000083d00000|  0%| F|  |TAMS 0x0000000083c00000| PB 0x0000000083c00000| Untracked 
|  17|0x0000000083d00000, 0x0000000083d00000, 0x0000000083e00000|  0%| F|  |TAMS 0x0000000083d00000| PB 0x0000000083d00000| Untracked 
|  18|0x0000000083e00000, 0x0000000083e00000, 0x0000000083f00000|  0%| F|  |TAMS 0x0000000083e00000| PB 0x0000000083e00000| Untracked 
|  19|0x0000000083f00000, 0x0000000083f00000, 0x0000000084000000|  0%| F|  |TAMS 0x0000000083f00000| PB 0x0000000083f00000| Untracked 
|  20|0x0000000084000000, 0x0000000084000000, 0x0000000084100000|  0%| F|  |TAMS 0x0000000084000000| PB 0x0000000084000000| Untracked 
|  21|0x0000000084100000, 0x0000000084100000, 0x0000000084200000|  0%| F|  |TAMS 0x0000000084100000| PB 0x0000000084100000| Untracked 
|  22|0x0000000084200000, 0x0000000084200000, 0x0000000084300000|  0%| F|  |TAMS 0x0000000084200000| PB 0x0000000084200000| Untracked 
|  23|0x0000000084300000, 0x0000000084300000, 0x0000000084400000|  0%| F|  |TAMS 0x0000000084300000| PB 0x0000000084300000| Untracked 
|  24|0x0000000084400000, 0x0000000084400000, 0x0000000084500000|  0%| F|  |TAMS 0x0000000084400000| PB 0x0000000084400000| Untracked 
|  25|0x0000000084500000, 0x0000000084500000, 0x0000000084600000|  0%| F|  |TAMS 0x0000000084500000| PB 0x0000000084500000| Untracked 
|  26|0x0000000084600000, 0x0000000084600000, 0x0000000084700000|  0%| F|  |TAMS 0x0000000084600000| PB 0x0000000084600000| Untracked 
|  27|0x0000000084700000, 0x0000000084700000, 0x0000000084800000|  0%| F|  |TAMS 0x0000000084700000| PB 0x0000000084700000| Untracked 
|  28|0x0000000084800000, 0x0000000084800000, 0x0000000084900000|  0%| F|  |TAMS 0x0000000084800000| PB 0x0000000084800000| Untracked 
|  29|0x0000000084900000, 0x0000000084900000, 0x0000000084a00000|  0%| F|  |TAMS 0x0000000084900000| PB 0x0000000084900000| Untracked 
|  30|0x0000000084a00000, 0x0000000084a00000, 0x0000000084b00000|  0%| F|  |TAMS 0x0000000084a00000| PB 0x0000000084a00000| Untracked 
|  31|0x0000000084b00000, 0x0000000084b00000, 0x0000000084c00000|  0%| F|  |TAMS 0x0000000084b00000| PB 0x0000000084b00000| Untracked 
|  32|0x0000000084c00000, 0x0000000084c00000, 0x0000000084d00000|  0%| F|  |TAMS 0x0000000084c00000| PB 0x0000000084c00000| Untracked 
|  33|0x0000000084d00000, 0x0000000084d00000, 0x0000000084e00000|  0%| F|  |TAMS 0x0000000084d00000| PB 0x0000000084d00000| Untracked 
|  34|0x0000000084e00000, 0x0000000084e00000, 0x0000000084f00000|  0%| F|  |TAMS 0x0000000084e00000| PB 0x0000000084e00000| Untracked 
|  35|0x0000000084f00000, 0x0000000084f00000, 0x0000000085000000|  0%| F|  |TAMS 0x0000000084f00000| PB 0x0000000084f00000| Untracked 
|  36|0x0000000085000000, 0x0000000085000000, 0x0000000085100000|  0%| F|  |TAMS 0x0000000085000000| PB 0x0000000085000000| Untracked 
|  37|0x0000000085100000, 0x0000000085100000, 0x0000000085200000|  0%| F|  |TAMS 0x0000000085100000| PB 0x0000000085100000| Untracked 
|  38|0x0000000085200000, 0x0000000085200000, 0x0000000085300000|  0%| F|  |TAMS 0x0000000085200000| PB 0x0000000085200000| Untracked 
|  39|0x0000000085300000, 0x0000000085300000, 0x0000000085400000|  0%| F|  |TAMS 0x0000000085300000| PB 0x0000000085300000| Untracked 
|  40|0x0000000085400000, 0x0000000085400000, 0x0000000085500000|  0%| F|  |TAMS 0x0000000085400000| PB 0x0000000085400000| Untracked 
|  41|0x0000000085500000, 0x0000000085500000, 0x0000000085600000|  0%| F|  |TAMS 0x0000000085500000| PB 0x0000000085500000| Untracked 
|  42|0x0000000085600000, 0x0000000085600000, 0x0000000085700000|  0%| F|  |TAMS 0x0000000085600000| PB 0x0000000085600000| Untracked 
|  43|0x0000000085700000, 0x0000000085700000, 0x0000000085800000|  0%| F|  |TAMS 0x0000000085700000| PB 0x0000000085700000| Untracked 
|  44|0x0000000085800000, 0x0000000085800000, 0x0000000085900000|  0%| F|  |TAMS 0x0000000085800000| PB 0x0000000085800000| Untracked 
|  45|0x0000000085900000, 0x0000000085900000, 0x0000000085a00000|  0%| F|  |TAMS 0x0000000085900000| PB 0x0000000085900000| Untracked 
|  46|0x0000000085a00000, 0x0000000085a00000, 0x0000000085b00000|  0%| F|  |TAMS 0x0000000085a00000| PB 0x0000000085a00000| Untracked 
|  47|0x0000000085b00000, 0x0000000085b00000, 0x0000000085c00000|  0%| F|  |TAMS 0x0000000085b00000| PB 0x0000000085b00000| Untracked 
|  48|0x0000000085c00000, 0x0000000085c00000, 0x0000000085d00000|  0%| F|  |TAMS 0x0000000085c00000| PB 0x0000000085c00000| Untracked 
|  49|0x0000000085d00000, 0x0000000085d00000, 0x0000000085e00000|  0%| F|  |TAMS 0x0000000085d00000| PB 0x0000000085d00000| Untracked 
|  50|0x0000000085e00000, 0x0000000085e00000, 0x0000000085f00000|  0%| F|  |TAMS 0x0000000085e00000| PB 0x0000000085e00000| Untracked 
|  51|0x0000000085f00000, 0x0000000085f00000, 0x0000000086000000|  0%| F|  |TAMS 0x0000000085f00000| PB 0x0000000085f00000| Untracked 
|  52|0x0000000086000000, 0x0000000086000000, 0x0000000086100000|  0%| F|  |TAMS 0x0000000086000000| PB 0x0000000086000000| Untracked 
|  53|0x0000000086100000, 0x0000000086100000, 0x0000000086200000|  0%| F|  |TAMS 0x0000000086100000| PB 0x0000000086100000| Untracked 
|  54|0x0000000086200000, 0x0000000086200000, 0x0000000086300000|  0%| F|  |TAMS 0x0000000086200000| PB 0x0000000086200000| Untracked 
|  55|0x0000000086300000, 0x0000000086300000, 0x0000000086400000|  0%| F|  |TAMS 0x0000000086300000| PB 0x0000000086300000| Untracked 
|  56|0x0000000086400000, 0x0000000086400000, 0x0000000086500000|  0%| F|  |TAMS 0x0000000086400000| PB 0x0000000086400000| Untracked 
|  57|0x0000000086500000, 0x0000000086500000, 0x0000000086600000|  0%| F|  |TAMS 0x0000000086500000| PB 0x0000000086500000| Untracked 
|  58|0x0000000086600000, 0x0000000086600000, 0x0000000086700000|  0%| F|  |TAMS 0x0000000086600000| PB 0x0000000086600000| Untracked 
|  59|0x0000000086700000, 0x0000000086700000, 0x0000000086800000|  0%| F|  |TAMS 0x0000000086700000| PB 0x0000000086700000| Untracked 
|  60|0x0000000086800000, 0x0000000086800000, 0x0000000086900000|  0%| F|  |TAMS 0x0000000086800000| PB 0x0000000086800000| Untracked 
|  61|0x0000000086900000, 0x0000000086900000, 0x0000000086a00000|  0%| F|  |TAMS 0x0000000086900000| PB 0x0000000086900000| Untracked 
|  62|0x0000000086a00000, 0x0000000086a00000, 0x0000000086b00000|  0%| F|  |TAMS 0x0000000086a00000| PB 0x0000000086a00000| Untracked 
|  63|0x0000000086b00000, 0x0000000086b00000, 0x0000000086c00000|  0%| F|  |TAMS 0x0000000086b00000| PB 0x0000000086b00000| Untracked 
|  64|0x0000000086c00000, 0x0000000086c00000, 0x0000000086d00000|  0%| F|  |TAMS 0x0000000086c00000| PB 0x0000000086c00000| Untracked 
|  65|0x0000000086d00000, 0x0000000086d00000, 0x0000000086e00000|  0%| F|  |TAMS 0x0000000086d00000| PB 0x0000000086d00000| Untracked 
|  66|0x0000000086e00000, 0x0000000086e00000, 0x0000000086f00000|  0%| F|  |TAMS 0x0000000086e00000| PB 0x0000000086e00000| Untracked 
|  67|0x0000000086f00000, 0x0000000086f00000, 0x0000000087000000|  0%| F|  |TAMS 0x0000000086f00000| PB 0x0000000086f00000| Untracked 
|  68|0x0000000087000000, 0x0000000087000000, 0x0000000087100000|  0%| F|  |TAMS 0x0000000087000000| PB 0x0000000087000000| Untracked 
|  69|0x0000000087100000, 0x0000000087100000, 0x0000000087200000|  0%| F|  |TAMS 0x0000000087100000| PB 0x0000000087100000| Untracked 
|  70|0x0000000087200000, 0x0000000087200000, 0x0000000087300000|  0%| F|  |TAMS 0x0000000087200000| PB 0x0000000087200000| Untracked 
|  71|0x0000000087300000, 0x0000000087300000, 0x0000000087400000|  0%| F|  |TAMS 0x0000000087300000| PB 0x0000000087300000| Untracked 
|  72|0x0000000087400000, 0x0000000087400000, 0x0000000087500000|  0%| F|  |TAMS 0x0000000087400000| PB 0x0000000087400000| Untracked 
|  73|0x0000000087500000, 0x0000000087500000, 0x0000000087600000|  0%| F|  |TAMS 0x0000000087500000| PB 0x0000000087500000| Untracked 
|  74|0x0000000087600000, 0x0000000087600000, 0x0000000087700000|  0%| F|  |TAMS 0x0000000087600000| PB 0x0000000087600000| Untracked 
|  75|0x0000000087700000, 0x0000000087700000, 0x0000000087800000|  0%| F|  |TAMS 0x0000000087700000| PB 0x0000000087700000| Untracked 
|  76|0x0000000087800000, 0x0000000087800000, 0x0000000087900000|  0%| F|  |TAMS 0x0000000087800000| PB 0x0000000087800000| Untracked 
|  77|0x0000000087900000, 0x0000000087900000, 0x0000000087a00000|  0%| F|  |TAMS 0x0000000087900000| PB 0x0000000087900000| Untracked 
|  78|0x0000000087a00000, 0x0000000087a00000, 0x0000000087b00000|  0%| F|  |TAMS 0x0000000087a00000| PB 0x0000000087a00000| Untracked 
|  79|0x0000000087b00000, 0x0000000087b00000, 0x0000000087c00000|  0%| F|  |TAMS 0x0000000087b00000| PB 0x0000000087b00000| Untracked 
|  80|0x0000000087c00000, 0x0000000087c00000, 0x0000000087d00000|  0%| F|  |TAMS 0x0000000087c00000| PB 0x0000000087c00000| Untracked 
|  81|0x0000000087d00000, 0x0000000087d00000, 0x0000000087e00000|  0%| F|  |TAMS 0x0000000087d00000| PB 0x0000000087d00000| Untracked 
|  82|0x0000000087e00000, 0x0000000087e00000, 0x0000000087f00000|  0%| F|  |TAMS 0x0000000087e00000| PB 0x0000000087e00000| Untracked 
|  83|0x0000000087f00000, 0x0000000087f00000, 0x0000000088000000|  0%| F|  |TAMS 0x0000000087f00000| PB 0x0000000087f00000| Untracked 
|  84|0x0000000088000000, 0x0000000088000000, 0x0000000088100000|  0%| F|  |TAMS 0x0000000088000000| PB 0x0000000088000000| Untracked 
|  85|0x0000000088100000, 0x0000000088100000, 0x0000000088200000|  0%| F|  |TAMS 0x0000000088100000| PB 0x0000000088100000| Untracked 
|  86|0x0000000088200000, 0x0000000088200000, 0x0000000088300000|  0%| F|  |TAMS 0x0000000088200000| PB 0x0000000088200000| Untracked 
|  87|0x0000000088300000, 0x0000000088300000, 0x0000000088400000|  0%| F|  |TAMS 0x0000000088300000| PB 0x0000000088300000| Untracked 
|  88|0x0000000088400000, 0x0000000088400000, 0x0000000088500000|  0%| F|  |TAMS 0x0000000088400000| PB 0x0000000088400000| Untracked 
|  89|0x0000000088500000, 0x0000000088500000, 0x0000000088600000|  0%| F|  |TAMS 0x0000000088500000| PB 0x0000000088500000| Untracked 
|  90|0x0000000088600000, 0x0000000088600000, 0x0000000088700000|  0%| F|  |TAMS 0x0000000088600000| PB 0x0000000088600000| Untracked 
|  91|0x0000000088700000, 0x0000000088700000, 0x0000000088800000|  0%| F|  |TAMS 0x0000000088700000| PB 0x0000000088700000| Untracked 
|  92|0x0000000088800000, 0x0000000088800000, 0x0000000088900000|  0%| F|  |TAMS 0x0000000088800000| PB 0x0000000088800000| Untracked 
|  93|0x0000000088900000, 0x0000000088900000, 0x0000000088a00000|  0%| F|  |TAMS 0x0000000088900000| PB 0x0000000088900000| Untracked 
|  94|0x0000000088a00000, 0x0000000088a00000, 0x0000000088b00000|  0%| F|  |TAMS 0x0000000088a00000| PB 0x0000000088a00000| Untracked 
|  95|0x0000000088b00000, 0x0000000088b00000, 0x0000000088c00000|  0%| F|  |TAMS 0x0000000088b00000| PB 0x0000000088b00000| Untracked 
|  96|0x0000000088c00000, 0x0000000088c00000, 0x0000000088d00000|  0%| F|  |TAMS 0x0000000088c00000| PB 0x0000000088c00000| Untracked 
|  97|0x0000000088d00000, 0x0000000088d00000, 0x0000000088e00000|  0%| F|  |TAMS 0x0000000088d00000| PB 0x0000000088d00000| Untracked 
|  98|0x0000000088e00000, 0x0000000088e00000, 0x0000000088f00000|  0%| F|  |TAMS 0x0000000088e00000| PB 0x0000000088e00000| Untracked 
|  99|0x0000000088f00000, 0x0000000088f00000, 0x0000000089000000|  0%| F|  |TAMS 0x0000000088f00000| PB 0x0000000088f00000| Untracked 
| 100|0x0000000089000000, 0x0000000089000000, 0x0000000089100000|  0%| F|  |TAMS 0x0000000089000000| PB 0x0000000089000000| Untracked 
| 101|0x0000000089100000, 0x0000000089100000, 0x0000000089200000|  0%| F|  |TAMS 0x0000000089100000| PB 0x0000000089100000| Untracked 
| 102|0x0000000089200000, 0x0000000089200000, 0x0000000089300000|  0%| F|  |TAMS 0x0000000089200000| PB 0x0000000089200000| Untracked 
| 103|0x0000000089300000, 0x0000000089300000, 0x0000000089400000|  0%| F|  |TAMS 0x0000000089300000| PB 0x0000000089300000| Untracked 
| 104|0x0000000089400000, 0x0000000089400000, 0x0000000089500000|  0%| F|  |TAMS 0x0000000089400000| PB 0x0000000089400000| Untracked 
| 105|0x0000000089500000, 0x0000000089500000, 0x0000000089600000|  0%| F|  |TAMS 0x0000000089500000| PB 0x0000000089500000| Untracked 
| 106|0x0000000089600000, 0x0000000089600000, 0x0000000089700000|  0%| F|  |TAMS 0x0000000089600000| PB 0x0000000089600000| Untracked 
| 107|0x0000000089700000, 0x0000000089700000, 0x0000000089800000|  0%| F|  |TAMS 0x0000000089700000| PB 0x0000000089700000| Untracked 
| 108|0x0000000089800000, 0x0000000089800000, 0x0000000089900000|  0%| F|  |TAMS 0x0000000089800000| PB 0x0000000089800000| Untracked 
| 109|0x0000000089900000, 0x0000000089900000, 0x0000000089a00000|  0%| F|  |TAMS 0x0000000089900000| PB 0x0000000089900000| Untracked 
| 110|0x0000000089a00000, 0x0000000089a00000, 0x0000000089b00000|  0%| F|  |TAMS 0x0000000089a00000| PB 0x0000000089a00000| Untracked 
| 111|0x0000000089b00000, 0x0000000089b00000, 0x0000000089c00000|  0%| F|  |TAMS 0x0000000089b00000| PB 0x0000000089b00000| Untracked 
| 112|0x0000000089c00000, 0x0000000089c00000, 0x0000000089d00000|  0%| F|  |TAMS 0x0000000089c00000| PB 0x0000000089c00000| Untracked 
| 113|0x0000000089d00000, 0x0000000089e00000, 0x0000000089e00000|100%| E|  |TAMS 0x0000000089d00000| PB 0x0000000089d00000| Complete 
| 114|0x0000000089e00000, 0x0000000089f00000, 0x0000000089f00000|100%| E|CS|TAMS 0x0000000089e00000| PB 0x0000000089e00000| Complete 
| 115|0x0000000089f00000, 0x000000008a000000, 0x000000008a000000|100%| E|CS|TAMS 0x0000000089f00000| PB 0x0000000089f00000| Complete 
| 116|0x000000008a000000, 0x000000008a100000, 0x000000008a100000|100%| E|CS|TAMS 0x000000008a000000| PB 0x000000008a000000| Complete 
| 117|0x000000008a100000, 0x000000008a200000, 0x000000008a200000|100%| E|CS|TAMS 0x000000008a100000| PB 0x000000008a100000| Complete 
| 118|0x000000008a200000, 0x000000008a300000, 0x000000008a300000|100%| E|CS|TAMS 0x000000008a200000| PB 0x000000008a200000| Complete 
| 119|0x000000008a300000, 0x000000008a400000, 0x000000008a400000|100%| E|CS|TAMS 0x000000008a300000| PB 0x000000008a300000| Complete 
| 120|0x000000008a400000, 0x000000008a500000, 0x000000008a500000|100%| E|CS|TAMS 0x000000008a400000| PB 0x000000008a400000| Complete 
| 121|0x000000008a500000, 0x000000008a600000, 0x000000008a600000|100%| E|CS|TAMS 0x000000008a500000| PB 0x000000008a500000| Complete 
| 122|0x000000008a600000, 0x000000008a700000, 0x000000008a700000|100%| E|CS|TAMS 0x000000008a600000| PB 0x000000008a600000| Complete 
| 123|0x000000008a700000, 0x000000008a800000, 0x000000008a800000|100%| E|CS|TAMS 0x000000008a700000| PB 0x000000008a700000| Complete 
| 124|0x000000008a800000, 0x000000008a900000, 0x000000008a900000|100%| E|CS|TAMS 0x000000008a800000| PB 0x000000008a800000| Complete 
| 125|0x000000008a900000, 0x000000008aa00000, 0x000000008aa00000|100%| E|CS|TAMS 0x000000008a900000| PB 0x000000008a900000| Complete 

Card table byte_map: [0x0000021975590000,0x0000021975980000] _byte_map_base: 0x000002197517a000

Marking Bits: (CMBitMap*) 0x00000219720978e0
 Bits: [0x0000021975980000, 0x00000219778d0000)

Polling page: 0x0000021971810000

Metaspace:

Usage:
  Non-class:     14.43 MB used.
      Class:      1.70 MB used.
       Both:     16.13 MB used.

Virtual space:
  Non-class space:       64.00 MB reserved,      14.56 MB ( 23%) committed,  1 nodes.
      Class space:        1.00 GB reserved,       1.81 MB ( <1%) committed,  1 nodes.
             Both:        1.06 GB reserved,      16.38 MB (  2%) committed. 

Chunk freelists:
   Non-Class:  1006.00 KB
       Class:  14.20 MB
        Both:  15.18 MB

MaxMetaspaceSize: unlimited
CompressedClassSpaceSize: 1.00 GB
Initial GC threshold: 21.00 MB
Current GC threshold: 21.00 MB
CDS: off
 - commit_granule_bytes: 65536.
 - commit_granule_words: 8192.
 - virtual_space_node_default_size: 8388608.
 - enlarge_chunks_in_place: 1.
 - use_allocation_guard: 0.


Internal statistics:

num_allocs_failed_limit: 0.
num_arena_births: 228.
num_arena_deaths: 0.
num_vsnodes_births: 2.
num_vsnodes_deaths: 0.
num_space_committed: 262.
num_space_uncommitted: 0.
num_chunks_returned_to_freelist: 0.
num_chunks_taken_from_freelist: 413.
num_chunk_merges: 0.
num_chunk_splits: 221.
num_chunks_enlarged: 96.
num_inconsistent_stats: 0.

CodeHeap 'non-profiled nmethods': size=120000Kb used=387Kb max_used=387Kb free=119612Kb
 bounds [0x0000021907ad0000, 0x0000021907d40000, 0x000002190f000000]
CodeHeap 'profiled nmethods': size=120000Kb used=1653Kb max_used=1653Kb free=118347Kb
 bounds [0x0000021900000000, 0x0000021900270000, 0x0000021907530000]
CodeHeap 'non-nmethods': size=5760Kb used=1408Kb max_used=1432Kb free=4351Kb
 bounds [0x0000021907530000, 0x00000219077a0000, 0x0000021907ad0000]
 total_blobs=1611 nmethods=1096 adapters=420
 compilation: enabled
              stopped_count=0, restarted_count=0
 full_count=0

Compilation events (20 events):
Event: 0.850 Thread 0x000002197e159960 nmethod 1086 0x0000021900198710 code [0x0000021900198960, 0x0000021900199548]
Event: 0.855 Thread 0x000002197e159960 1087       3       java.lang.Thread::onSpinWait (1 bytes)
Event: 0.855 Thread 0x000002197e159960 nmethod 1087 0x0000021900199c90 code [0x0000021900199e20, 0x0000021900199f08]
Event: 0.876 Thread 0x000002197e159960 1090       3       java.lang.invoke.LambdaFormBuffer::changeName (149 bytes)
Event: 0.877 Thread 0x000002197e159960 nmethod 1090 0x0000021900199f90 code [0x000002190019a180, 0x000002190019a678]
Event: 0.884 Thread 0x000002197e159960 1091       3       java.lang.Byte::hashCode (8 bytes)
Event: 0.884 Thread 0x000002197e159960 nmethod 1091 0x000002190019a810 code [0x000002190019a9c0, 0x000002190019ab28]
Event: 0.885 Thread 0x000002197e159960 1092       3       java.lang.Byte::hashCode (2 bytes)
Event: 0.885 Thread 0x000002197e159960 nmethod 1092 0x000002190019ac10 code [0x000002190019ada0, 0x000002190019ae90]
Event: 0.888 Thread 0x000002197e159960 1093       3       sun.security.util.math.intpoly.P256OrderField::carryReduce (577 bytes)
Event: 0.889 Thread 0x000002197e159960 nmethod 1093 0x000002190019af10 code [0x000002190019b0c0, 0x000002190019b618]
Event: 0.889 Thread 0x000002197e159960 1094       3       sun.security.util.math.intpoly.P256OrderField::carryReduce0 (2216 bytes)
Event: 0.890 Thread 0x000002197e91fd80 1096       4       sun.security.util.math.intpoly.IntegerPolynomial::carryValue (17 bytes)
Event: 0.890 Thread 0x000002197e91fd80 nmethod 1096 0x0000021907b30690 code [0x0000021907b30820, 0x0000021907b308c8]
Event: 0.891 Thread 0x000002197e159960 nmethod 1094 0x000002190019b790 code [0x000002190019b960, 0x000002190019cbb0]
Event: 0.891 Thread 0x000002197e159960 1095       3       sun.security.util.math.intpoly.P256OrderField::carryReduce1 (322 bytes)
Event: 0.891 Thread 0x000002197e159960 nmethod 1095 0x000002190019cd10 code [0x000002190019cec0, 0x000002190019d278]
Event: 0.894 Thread 0x000002197e159960 1097       3       sun.security.provider.ByteArrayAccess::b2iBig64 (231 bytes)
Event: 0.894 Thread 0x000002197e91fd80 1098       4       java.lang.String::toString (2 bytes)
Event: 0.894 Thread 0x000002197e91fd80 nmethod 1098 0x0000021907b30990 code [0x0000021907b30b20, 0x0000021907b30ba8]

GC Heap History (0 events):
No events

Dll operation events (2 events):
Event: 0.011 Loaded shared library C:\Program Files\Android\Android Studio\jbr\bin\java.dll
Event: 0.021 Loaded shared library C:\Program Files\Android\Android Studio\jbr\bin\zip.dll

Deoptimization events (20 events):
Event: 0.788 Thread 0x000002197e862c70 Uncommon trap: trap_request=0xffffff66 fr.pc=0x0000021907b29b94 relative=0x0000000000000334
Event: 0.788 Thread 0x000002197e862c70 Uncommon trap: reason=speculate_class_check action=maybe_recompile pc=0x0000021907b29b94 method=sun.security.util.math.intpoly.IntegerPolynomial.multByInt([JJ)V @ 26 c2
Event: 0.788 Thread 0x000002197e862c70 DEOPT PACKING pc=0x0000021907b29b94 sp=0x000000d1034fe6a0
Event: 0.788 Thread 0x000002197e862c70 DEOPT UNPACKING pc=0x00000219075846a2 sp=0x000000d1034fe5e0 mode 2
Event: 0.788 Thread 0x000002197e862c70 Uncommon trap: trap_request=0xffffffde fr.pc=0x0000021907b24ac0 relative=0x0000000000000280
Event: 0.788 Thread 0x000002197e862c70 Uncommon trap: reason=class_check action=maybe_recompile pc=0x0000021907b24ac0 method=sun.security.util.math.intpoly.IntegerPolynomial.multByInt([JJ)V @ 26 c2
Event: 0.788 Thread 0x000002197e862c70 DEOPT PACKING pc=0x0000021907b24ac0 sp=0x000000d1034fe610
Event: 0.789 Thread 0x000002197e862c70 DEOPT UNPACKING pc=0x00000219075846a2 sp=0x000000d1034fe5e0 mode 2
Event: 0.789 Thread 0x000002197e862c70 Uncommon trap: trap_request=0xffffffde fr.pc=0x0000021907b24ac0 relative=0x0000000000000280
Event: 0.789 Thread 0x000002197e862c70 Uncommon trap: reason=class_check action=maybe_recompile pc=0x0000021907b24ac0 method=sun.security.util.math.intpoly.IntegerPolynomial.multByInt([JJ)V @ 26 c2
Event: 0.789 Thread 0x000002197e862c70 DEOPT PACKING pc=0x0000021907b24ac0 sp=0x000000d1034fe610
Event: 0.789 Thread 0x000002197e862c70 DEOPT UNPACKING pc=0x00000219075846a2 sp=0x000000d1034fe5e0 mode 2
Event: 0.790 Thread 0x000002197e862c70 Uncommon trap: trap_request=0xffffffde fr.pc=0x0000021907b24ac0 relative=0x0000000000000280
Event: 0.790 Thread 0x000002197e862c70 Uncommon trap: reason=class_check action=maybe_recompile pc=0x0000021907b24ac0 method=sun.security.util.math.intpoly.IntegerPolynomial.multByInt([JJ)V @ 26 c2
Event: 0.790 Thread 0x000002197e862c70 DEOPT PACKING pc=0x0000021907b24ac0 sp=0x000000d1034fe610
Event: 0.790 Thread 0x000002197e862c70 DEOPT UNPACKING pc=0x00000219075846a2 sp=0x000000d1034fe5e0 mode 2
Event: 0.790 Thread 0x000002197e862c70 Uncommon trap: trap_request=0xffffffde fr.pc=0x0000021907b24ac0 relative=0x0000000000000280
Event: 0.790 Thread 0x000002197e862c70 Uncommon trap: reason=class_check action=maybe_recompile pc=0x0000021907b24ac0 method=sun.security.util.math.intpoly.IntegerPolynomial.multByInt([JJ)V @ 26 c2
Event: 0.790 Thread 0x000002197e862c70 DEOPT PACKING pc=0x0000021907b24ac0 sp=0x000000d1034fe610
Event: 0.790 Thread 0x000002197e862c70 DEOPT UNPACKING pc=0x00000219075846a2 sp=0x000000d1034fe5e0 mode 2

Classes loaded (20 events):
Event: 0.892 Loading class sun/security/ssl/Finished$VerifyDataScheme done
Event: 0.892 Loading class sun/security/ssl/Finished$S30VerifyDataGenerator
Event: 0.892 Loading class sun/security/ssl/Finished$VerifyDataGenerator
Event: 0.892 Loading class sun/security/ssl/Finished$VerifyDataGenerator done
Event: 0.892 Loading class sun/security/ssl/Finished$S30VerifyDataGenerator done
Event: 0.892 Loading class sun/security/ssl/Finished$T10VerifyDataGenerator
Event: 0.892 Loading class sun/security/ssl/Finished$T10VerifyDataGenerator done
Event: 0.892 Loading class sun/security/ssl/Finished$T12VerifyDataGenerator
Event: 0.893 Loading class sun/security/ssl/Finished$T12VerifyDataGenerator done
Event: 0.893 Loading class sun/security/ssl/Finished$T13VerifyDataGenerator
Event: 0.893 Loading class sun/security/ssl/Finished$T13VerifyDataGenerator done
Event: 0.893 Loading class sun/security/ssl/Finished$1
Event: 0.893 Loading class sun/security/ssl/Finished$1 done
Event: 0.893 Loading class sun/security/ssl/SSLBasicKeyDerivation
Event: 0.893 Loading class sun/security/ssl/SSLBasicKeyDerivation done
Event: 0.893 Loading class sun/security/ssl/SSLBasicKeyDerivation$SecretSizeSpec
Event: 0.893 Loading class sun/security/ssl/SSLBasicKeyDerivation$SecretSizeSpec done
Event: 0.896 Loading class jdk/internal/event/TLSHandshakeEvent
Event: 0.896 Loading class jdk/internal/event/TLSHandshakeEvent done
Event: 0.900 Loading class com/sun/crypto/provider/GaloisCounterMode$GCMEncrypt

Classes unloaded (0 events):
No events

Classes redefined (0 events):
No events

Internal exceptions (20 events):
Event: 0.426 Thread 0x000002196ff2e580 Exception <a 'java/lang/NoSuchMethodError'{0x000000008a44cbc8}: 'int java.lang.invoke.DirectMethodHandle$Holder.invokeStaticInit(java.lang.Object, int, int)'> (0x000000008a44cbc8) 
thrown [s\src\hotspot\share\interpreter\linkResolver.cpp, line 784]
Event: 0.427 Thread 0x000002196ff2e580 Exception <a 'java/lang/NoSuchMethodError'{0x000000008a4541d8}: 'int java.lang.invoke.DirectMethodHandle$Holder.invokeStaticInit(java.lang.Object, long, long)'> (0x000000008a4541d8) 
thrown [s\src\hotspot\share\interpreter\linkResolver.cpp, line 784]
Event: 0.428 Thread 0x000002196ff2e580 Exception <a 'java/lang/NoSuchMethodError'{0x000000008a45ac70}: 'int java.lang.invoke.DirectMethodHandle$Holder.invokeStaticInit(java.lang.Object, float, float)'> (0x000000008a45ac70) 
thrown [s\src\hotspot\share\interpreter\linkResolver.cpp, line 784]
Event: 0.428 Thread 0x000002196ff2e580 Exception <a 'java/lang/NoSuchMethodError'{0x000000008a461700}: 'int java.lang.invoke.DirectMethodHandle$Holder.invokeStaticInit(java.lang.Object, double, double)'> (0x000000008a461700) 
thrown [s\src\hotspot\share\interpreter\linkResolver.cpp, line 784]
Event: 0.429 Thread 0x000002196ff2e580 Exception <a 'java/lang/NoSuchMethodError'{0x000000008a465d88}: 'int java.lang.invoke.DirectMethodHandle$Holder.invokeStatic(java.lang.Object, long)'> (0x000000008a465d88) 
thrown [s\src\hotspot\share\interpreter\linkResolver.cpp, line 784]
Event: 0.434 Thread 0x000002196ff2e580 Exception <a 'java/lang/NoSuchMethodError'{0x000000008a4931e0}: 'java.lang.Object java.lang.invoke.DelegatingMethodHandle$Holder.delegate(java.lang.Object, int, java.lang.Object, java.lang.Object)'> (0x000000008a4931e0) 
thrown [s\src\hotspot\share\interpreter\linkResolver.cpp, line 784]
Event: 0.436 Thread 0x000002196ff2e580 Exception <a 'java/lang/NoSuchMethodError'{0x000000008a4a2500}: 'int java.lang.invoke.Invokers$Holder.linkToTargetMethod(java.lang.Object, java.lang.Object, java.lang.Object)'> (0x000000008a4a2500) 
thrown [s\src\hotspot\share\interpreter\linkResolver.cpp, line 784]
Event: 0.440 Thread 0x000002196ff2e580 Exception <a 'java/lang/NoSuchMethodError'{0x000000008a4d1b88}: 'long java.lang.invoke.DirectMethodHandle$Holder.invokeSpecial(java.lang.Object, java.lang.Object)'> (0x000000008a4d1b88) 
thrown [s\src\hotspot\share\interpreter\linkResolver.cpp, line 784]
Event: 0.441 Thread 0x000002196ff2e580 Exception <a 'java/lang/NoSuchMethodError'{0x000000008a4d8458}: 'int java.lang.invoke.DirectMethodHandle$Holder.invokeStatic(java.lang.Object, java.lang.Object, java.lang.Object, java.lang.Object)'> (0x000000008a4d8458) 
thrown [s\src\hotspot\share\interpreter\linkResolver.cpp, line 784]
Event: 0.441 Thread 0x000002196ff2e580 Exception <a 'java/lang/NoSuchMethodError'{0x000000008a4db878}: 'java.lang.Object java.lang.invoke.Invokers$Holder.invokeExact_MT(java.lang.Object, java.lang.Object, java.lang.Object, java.lang.Object, java.lang.Object, java.lang.Object)'> (0x000000008a4db878) 
thrown [s\src\hotspot\share\interpreter\linkResolver.cpp, line 784]
Event: 0.528 Thread 0x000002196ff2e580 Exception <a 'java/lang/NoSuchMethodError'{0x000000008a2b9f10}: 'java.lang.Object java.lang.invoke.DirectMethodHandle$Holder.newInvokeSpecial(java.lang.Object, java.lang.Object, java.lang.Object, java.lang.Object, java.lang.Object)'> (0x000000008a2b9f10) 
thrown [s\src\hotspot\share\interpreter\linkResolver.cpp, line 784]
Event: 0.562 Thread 0x000002196ff2e580 Exception <a 'java/lang/NoSuchMethodError'{0x000000008a0494b0}: 'java.lang.Object java.lang.invoke.DirectMethodHandle$Holder.invokeSpecial(java.lang.Object, java.lang.Object, java.lang.Object, java.lang.Object, int)'> (0x000000008a0494b0) 
thrown [s\src\hotspot\share\interpreter\linkResolver.cpp, line 784]
Event: 0.562 Thread 0x000002196ff2e580 Exception <a 'java/lang/NoSuchMethodError'{0x000000008a04ce18}: 'java.lang.Object java.lang.invoke.Invokers$Holder.linkToTargetMethod(java.lang.Object, java.lang.Object, int, java.lang.Object)'> (0x000000008a04ce18) 
thrown [s\src\hotspot\share\interpreter\linkResolver.cpp, line 784]
Event: 0.569 Thread 0x000002196ff2e580 Exception <a 'java/lang/NoSuchMethodError'{0x000000008a077e90}: 'void java.lang.invoke.DirectMethodHandle$Holder.invokeSpecial(java.lang.Object, java.lang.Object, java.lang.Object)'> (0x000000008a077e90) 
thrown [s\src\hotspot\share\interpreter\linkResolver.cpp, line 784]
Event: 0.585 Thread 0x000002197e7ef240 Exception <a 'java/lang/NoSuchMethodError'{0x000000008a2eb478}: 'void java.lang.invoke.DirectMethodHandle$Holder.invokeStatic(java.lang.Object, java.lang.Object, int)'> (0x000000008a2eb478) 
thrown [s\src\hotspot\share\interpreter\linkResolver.cpp, line 784]
Event: 0.587 Thread 0x000002196ff2e580 Exception <a 'java/lang/NoSuchMethodError'{0x000000008a0fdfa8}: 'void java.lang.invoke.DirectMethodHandle$Holder.invokeSpecial(java.lang.Object, java.lang.Object, java.lang.Object, java.lang.Object, java.lang.Object)'> (0x000000008a0fdfa8) 
thrown [s\src\hotspot\share\interpreter\linkResolver.cpp, line 784]
Event: 0.594 Thread 0x000002197e7ef240 Exception <a 'java/lang/NoSuchMethodError'{0x0000000089f67b30}: 'void java.lang.invoke.DirectMethodHandle$Holder.invokeStatic(java.lang.Object, java.lang.Object)'> (0x0000000089f67b30) 
thrown [s\src\hotspot\share\interpreter\linkResolver.cpp, line 784]
Event: 0.595 Thread 0x000002197e852c80 Exception <a 'java/lang/NoSuchMethodError'{0x0000000089fa48b8}: 'void java.lang.invoke.DirectMethodHandle$Holder.invokeInterface(java.lang.Object, java.lang.Object, java.lang.Object)'> (0x0000000089fa48b8) 
thrown [s\src\hotspot\share\interpreter\linkResolver.cpp, line 784]
Event: 0.601 Thread 0x000002197e852c80 Exception <a 'java/lang/NoSuchMethodError'{0x0000000089fea658}: 'void java.lang.invoke.DirectMethodHandle$Holder.invokeVirtual(java.lang.Object, java.lang.Object)'> (0x0000000089fea658) 
thrown [s\src\hotspot\share\interpreter\linkResolver.cpp, line 784]
Event: 0.761 Thread 0x000002197e862c70 Exception <a 'java/lang/NoSuchMethodError'{0x0000000089e4e3b8}: 'void java.lang.invoke.DirectMethodHandle$Holder.invokeInterface(java.lang.Object, java.lang.Object)'> (0x0000000089e4e3b8) 
thrown [s\src\hotspot\share\interpreter\linkResolver.cpp, line 784]

ZGC Phase Switch (0 events):
No events

VM Operations (6 events):
Event: 0.168 Executing VM operation: HandshakeAllThreads (Deoptimize)
Event: 0.168 Executing VM operation: HandshakeAllThreads (Deoptimize) done
Event: 0.179 Executing VM operation: HandshakeAllThreads (Deoptimize)
Event: 0.179 Executing VM operation: HandshakeAllThreads (Deoptimize) done
Event: 0.361 Executing VM operation: HandshakeAllThreads (Deoptimize)
Event: 0.361 Executing VM operation: HandshakeAllThreads (Deoptimize) done

Memory protections (0 events):
No events

Nmethod flushes (0 events):
No events

Events (20 events):
Event: 0.019 Thread 0x000002196ff2e580 Thread added: 0x000002196ff2e580
Event: 0.105 Thread 0x000002196ff2e580 Thread added: 0x0000021979e0e5f0
Event: 0.105 Thread 0x000002196ff2e580 Thread added: 0x000002197e140fd0
Event: 0.107 Thread 0x000002196ff2e580 Thread added: 0x000002197e141e00
Event: 0.107 Thread 0x000002196ff2e580 Thread added: 0x000002197e151bd0
Event: 0.107 Thread 0x000002196ff2e580 Thread added: 0x000002197e167850
Event: 0.108 Thread 0x000002196ff2e580 Thread added: 0x000002197e152f60
Event: 0.108 Thread 0x000002196ff2e580 Thread added: 0x000002197e158ed0
Event: 0.108 Thread 0x000002196ff2e580 Thread added: 0x000002197e159960
Event: 0.141 Thread 0x000002196ff2e580 Thread added: 0x000002197e2fe8b0
Event: 0.147 Thread 0x000002196ff2e580 Thread added: 0x000002197e305500
Event: 0.154 Loaded shared library C:\Program Files\Android\Android Studio\jbr\bin\net.dll
Event: 0.156 Loaded shared library C:\Program Files\Android\Android Studio\jbr\bin\nio.dll
Event: 0.163 Loaded shared library C:\Program Files\Android\Android Studio\jbr\bin\zip.dll
Event: 0.241 Loaded shared library C:\Program Files\Android\Android Studio\jbr\bin\jimage.dll
Event: 0.518 Loaded shared library C:\Program Files\Android\Android Studio\jbr\bin\extnet.dll
Event: 0.523 Thread 0x000002196ff2e580 Thread added: 0x000002197e7ef240
Event: 0.593 Thread 0x000002197e7ef240 Thread added: 0x000002197e852c80
Event: 0.608 Thread 0x000002197e7ef240 Thread added: 0x000002197e862c70
Event: 0.658 Thread 0x000002197e159960 Thread added: 0x000002197e91fd80


Dynamic libraries:
0x00007ff666e30000 - 0x00007ff666e3a000 	C:\Program Files\Android\Android Studio\jbr\bin\java.exe
0x00007ffe94900000 - 0x00007ffe94af0000 	C:\Windows\SYSTEM32\ntdll.dll
0x00007ffe92fb0000 - 0x00007ffe93062000 	C:\Windows\System32\KERNEL32.DLL
0x00007ffe92360000 - 0x00007ffe92603000 	C:\Windows\System32\KERNELBASE.dll
0x00007ffe928c0000 - 0x00007ffe929ba000 	C:\Windows\System32\ucrtbase.dll
0x00007ffe80420000 - 0x00007ffe8043b000 	C:\Program Files\Android\Android Studio\jbr\bin\VCRUNTIME140.dll
0x00007ffe82960000 - 0x00007ffe82978000 	C:\Program Files\Android\Android Studio\jbr\bin\jli.dll
0x00007ffe94720000 - 0x00007ffe948b3000 	C:\Windows\System32\USER32.dll
0x00007ffe92810000 - 0x00007ffe92831000 	C:\Windows\System32\win32u.dll
0x00007ffe7f610000 - 0x00007ffe7f895000 	C:\Windows\WinSxS\amd64_microsoft.windows.common-controls_6595b64144ccf1df_6.0.18362.239_none_e6c7aebd130c7608\COMCTL32.dll
0x00007ffe93c90000 - 0x00007ffe93cb6000 	C:\Windows\System32\GDI32.dll
0x00007ffe94560000 - 0x00007ffe945fe000 	C:\Windows\System32\msvcrt.dll
0x00007ffe92610000 - 0x00007ffe927a4000 	C:\Windows\System32\gdi32full.dll
0x00007ffe93070000 - 0x00007ffe933a6000 	C:\Windows\System32\combase.dll
0x00007ffe91b40000 - 0x00007ffe91bde000 	C:\Windows\System32\msvcp_win.dll
0x00007ffe93b70000 - 0x00007ffe93c90000 	C:\Windows\System32\RPCRT4.dll
0x00007ffe91aa0000 - 0x00007ffe91b20000 	C:\Windows\System32\bcryptPrimitives.dll
0x00007ffe929c0000 - 0x00007ffe929ee000 	C:\Windows\System32\IMM32.DLL
0x00007ffe8dd40000 - 0x00007ffe8dd4c000 	C:\Program Files\Android\Android Studio\jbr\bin\vcruntime140_1.dll
0x00007ffe7d010000 - 0x00007ffe7d09d000 	C:\Program Files\Android\Android Studio\jbr\bin\msvcp140.dll
0x00007ffe459a0000 - 0x00007ffe4662a000 	C:\Program Files\Android\Android Studio\jbr\bin\server\jvm.dll
0x00007ffe92e80000 - 0x00007ffe92f23000 	C:\Windows\System32\ADVAPI32.dll
0x00007ffe94680000 - 0x00007ffe94717000 	C:\Windows\System32\sechost.dll
0x00007ffe917f0000 - 0x00007ffe9183a000 	C:\Windows\System32\POWRPROF.dll
0x00007ffe917e0000 - 0x00007ffe917f0000 	C:\Windows\System32\UMPDC.dll
0x00007ffe93e00000 - 0x00007ffe93e6f000 	C:\Windows\System32\WS2_32.dll
0x00007ffe83e30000 - 0x00007ffe83e3a000 	C:\Windows\SYSTEM32\VERSION.dll
0x00007ffe8f450000 - 0x00007ffe8f474000 	C:\Windows\SYSTEM32\WINMM.dll
0x00007ffe8f2f0000 - 0x00007ffe8f31d000 	C:\Windows\SYSTEM32\WINMMBASE.dll
0x00007ffe92870000 - 0x00007ffe928ba000 	C:\Windows\System32\cfgmgr32.dll
0x00007ffe91840000 - 0x00007ffe91851000 	C:\Windows\System32\kernel.appcore.dll
0x00007ffe887e0000 - 0x00007ffe887ea000 	C:\Program Files\Android\Android Studio\jbr\bin\jimage.dll
0x00007ffe8fef0000 - 0x00007ffe900e4000 	C:\Windows\SYSTEM32\DBGHELP.DLL
0x00007ffe800f0000 - 0x00007ffe8011a000 	C:\Windows\SYSTEM32\dbgcore.DLL
0x00007ffe80400000 - 0x00007ffe80420000 	C:\Program Files\Android\Android Studio\jbr\bin\java.dll
0x00007ffe7fdd0000 - 0x00007ffe7fde8000 	C:\Program Files\Android\Android Studio\jbr\bin\zip.dll
0x00007ffe93e70000 - 0x00007ffe94550000 	C:\Windows\System32\SHELL32.dll
0x00007ffe92a50000 - 0x00007ffe92af9000 	C:\Windows\System32\shcore.dll
0x00007ffe91be0000 - 0x00007ffe9235b000 	C:\Windows\System32\windows.storage.dll
0x00007ffe91860000 - 0x00007ffe9187f000 	C:\Windows\System32\profapi.dll
0x00007ffe929f0000 - 0x00007ffe92a42000 	C:\Windows\System32\shlwapi.dll
0x00007ffe91b20000 - 0x00007ffe91b37000 	C:\Windows\System32\cryptsp.dll
0x00007ffe88250000 - 0x00007ffe88260000 	C:\Program Files\Android\Android Studio\jbr\bin\net.dll
0x00007ffe7ed40000 - 0x00007ffe7ee30000 	C:\Windows\SYSTEM32\WINHTTP.dll
0x00007ffe90ff0000 - 0x00007ffe91057000 	C:\Windows\system32\mswsock.dll
0x00007ffe7fdb0000 - 0x00007ffe7fdc6000 	C:\Program Files\Android\Android Studio\jbr\bin\nio.dll
0x00007ffe90bb0000 - 0x00007ffe90be3000 	C:\Windows\system32\rsaenh.dll
0x00007ffe92840000 - 0x00007ffe92866000 	C:\Windows\System32\bcrypt.dll
0x00007ffe916d0000 - 0x00007ffe916f5000 	C:\Windows\SYSTEM32\USERENV.dll
0x00007ffe911c0000 - 0x00007ffe911cc000 	C:\Windows\SYSTEM32\CRYPTBASE.dll
0x00007ffe90d50000 - 0x00007ffe90d8a000 	C:\Windows\SYSTEM32\IPHLPAPI.DLL
0x00007ffe93430000 - 0x00007ffe93438000 	C:\Windows\System32\NSI.dll
0x00007ffe87ec0000 - 0x00007ffe87ec7000 	C:\Windows\system32\wshunix.dll
0x00007ffe831b0000 - 0x00007ffe831b9000 	C:\Program Files\Android\Android Studio\jbr\bin\extnet.dll

dbghelp: loaded successfully - version: 4.0.5 - missing functions: none
symbol engine: initialized successfully - sym options: 0x614 - pdb path: .;C:\Program Files\Android\Android Studio\jbr\bin;C:\Windows\SYSTEM32;C:\Windows\WinSxS\amd64_microsoft.windows.common-controls_6595b64144ccf1df_6.0.18362.239_none_e6c7aebd130c7608;C:\Program Files\Android\Android Studio\jbr\bin\server

VM Arguments:
java_command: git4idea.http.GitAskPassApp Username for 'https://github.com': 
java_class_path (initial): C:/Program Files/Android/Android Studio/plugins/vcs-git/lib/git4idea-rt.jar;C:/Program Files/Android/Android Studio/lib/externalProcess-rt.jar
Launcher Type: SUN_STANDARD

[Global flags]
     intx CICompilerCount                          = 3                                         {product} {ergonomic}
     uint ConcGCThreads                            = 1                                         {product} {ergonomic}
     uint G1ConcRefinementThreads                  = 4                                         {product} {ergonomic}
   size_t G1HeapRegionSize                         = 1048576                                   {product} {ergonomic}
    uintx GCDrainStackTargetSize                   = 64                                        {product} {ergonomic}
   size_t InitialHeapSize                          = 132120576                                 {product} {ergonomic}
   size_t MarkStackSize                            = 4194304                                   {product} {ergonomic}
   size_t MaxHeapSize                              = 2101346304                                {product} {ergonomic}
   size_t MaxNewSize                               = 1260388352                                {product} {ergonomic}
   size_t MinHeapDeltaBytes                        = 1048576                                   {product} {ergonomic}
   size_t MinHeapSize                              = 8388608                                   {product} {ergonomic}
    uintx NonNMethodCodeHeapSize                   = 5832780                                {pd product} {ergonomic}
    uintx NonProfiledCodeHeapSize                  = 122912730                              {pd product} {ergonomic}
    uintx ProfiledCodeHeapSize                     = 122912730                              {pd product} {ergonomic}
    uintx ReservedCodeCacheSize                    = 251658240                              {pd product} {ergonomic}
     bool SegmentedCodeCache                       = true                                      {product} {ergonomic}
   size_t SoftMaxHeapSize                          = 2101346304                             {manageable} {ergonomic}
     bool UseCompressedOops                        = true                           {product lp64_product} {ergonomic}
     bool UseG1GC                                  = true                                      {product} {ergonomic}
     bool UseLargePagesIndividualAllocation        = false                                  {pd product} {ergonomic}

Logging:
Log output configuration:
 #0: stdout all=warning uptime,level,tags foldmultilines=false
 #1: stderr all=off uptime,level,tags foldmultilines=false

Environment Variables:
PATH=C:/Program Files/Git/mingw64/libexec/git-core;C:/Program Files/Git/mingw64/libexec/git-core;C:\Program Files\Git\mingw64\bin;C:\Program Files\Git\usr\bin;C:\Users\CC\bin;C:\Program Files\Common Files\Oracle\Java\javapath;C:\Windows\system32;C:\Windows;C:\Windows\System32\Wbem;C:\Windows\System32\WindowsPowerShell\v1.0\;C:\Windows\System32\OpenSSH\;C:\Program Files\Java\jdk-23\bin;C:\Program Files\MySQL\MySQL Server 8.0\bin;C:\Program Files\Git\cmd;C:\Program Files\MySQL\MySQL Shell 8.0\bin\;C:\Users\CC\AppData\Local\Microsoft\WindowsApps
USERNAME=CC
DISPLAY=:0.0
LC_ALL=en_US.UTF-8
TERM=xterm-256color
TMPDIR=C:\Users\CC\AppData\Local\Temp
OS=Windows_NT
PROCESSOR_IDENTIFIER=Intel64 Family 6 Model 78 Stepping 3, GenuineIntel
TMP=C:\Users\CC\AppData\Local\Temp
TEMP=C:\Users\CC\AppData\Local\Temp




Periodic native trim disabled

JNI global refs:
JNI global refs: 19, weak refs: 1

JNI global refs memory usage: 835, weak refs: 833

Process memory usage:
Resident Set Size: 81788K (0% of 8202772K total physical memory with 877764K free physical memory)

OOME stack traces (most recent first):
Classloader memory used:
Loader bootstrap                                                                       : 14969K
Loader jdk.internal.loader.ClassLoaders$PlatformClassLoader                            : 1530K
Loader jdk.internal.loader.ClassLoaders$AppClassLoader                                 : 16448B

---------------  S Y S T E M  ---------------

OS:
 Windows 10 , 64 bit Build 18362 (10.0.18362.86)
OS uptime: 1 days 10:43 hours

CPU: total 4 (initial active 4) (2 cores per cpu, 2 threads per core) family 6 model 78 stepping 3 microcode 0xc6, cx8, cmov, fxsr, ht, mmx, 3dnowpref, sse, sse2, sse3, ssse3, sse4.1, sse4.2, popcnt, lzcnt, tsc, tscinvbit, avx, avx2, aes, erms, clmul, bmi1, bmi2, rtm, adx, fma, vzeroupper, clflush, clflushopt, rdtscp, f16c
Processor Information for processor 0
  Max Mhz: 2501, Current Mhz: 1500, Mhz Limit: 2175
Processor Information for processor 1
  Max Mhz: 2501, Current Mhz: 1500, Mhz Limit: 2175
Processor Information for processor 2
  Max Mhz: 2501, Current Mhz: 2200, Mhz Limit: 2175
Processor Information for processor 3
  Max Mhz: 2501, Current Mhz: 1500, Mhz Limit: 2175

Memory: 4k page, system-wide physical 8010M (856M free)
TotalPageFile size 17438M (AvailPageFile size 1M)
current process WorkingSet (physical memory assigned to process): 80M, peak: 80M
current process commit charge ("private bytes"): 223M, peak: 224M

vm_info: OpenJDK 64-Bit Server VM (21.0.5+-13047016-b750.29) for windows-amd64 JRE (21.0.5+-13047016-b750.29), built on 2025-02-11T21:12:39Z by "builder" with MS VC++ 16.10 / 16.11 (VS2019)

END.
